<?xml version="1.0" encoding="UTF-8"?>
<!-- Generated by org.testng.reporters.JUnitReportReporter -->
<testsuite hostname="HUBLAPIND-401.local" failures="0" tests="8" name="UI_Runner.LoungeExecution" time="54.402" errors="1" timestamp="2022-08-05T09:15:46 IST" skipped="0">
  <testcase classname="UI_Runner.LoungeExecution" name="loungeInit" time="2.132"/>
  <system-out>
    <![CDATA[Test Case ----- loungeInit Started
Test Case ----- loungeInit PASS]]>
  </system-out>
  <testcase classname="UI_Runner.LoungeExecution" name="verifyLoungeScreen" time="7.375"/>
  <system-out>
    <![CDATA[Test Case ----- verifyLoungeScreen Started
Test Case ----- verifyLoungeScreen PASS]]>
  </system-out>
  <testcase classname="UI_Runner.LoungeExecution" name="verifyGrabSeat" time="1.573"/>
  <system-out>
    <![CDATA[Test Case ----- verifyGrabSeat Started
Test Case ----- verifyGrabSeat PASS]]>
  </system-out>
  <testcase classname="UI_Runner.LoungeExecution" name="verifyImageAfterGrabSeat" time="31.240">
    <error message="Can&#039;t locate an element by this strategy: By.chained({By.xpath: //XCUIElementTypeCollectionView/XCUIElementTypeCell/XCUIElementTypeOther/XCUIElementTypeOther/XCUIElementTypeImage})" type="org.openqa.selenium.NoSuchElementException">
      <![CDATA[org.openqa.selenium.NoSuchElementException: Can't locate an element by this strategy: By.chained({By.xpath: //XCUIElementTypeCollectionView/XCUIElementTypeCell/XCUIElementTypeOther/XCUIElementTypeOther/XCUIElementTypeImage})
at io.appium.java_client.pagefactory.AppiumElementLocator.findElement(AppiumElementLocator.java:126)
at io.appium.java_client.pagefactory.interceptors.InterceptorOfASingleElement.intercept(InterceptorOfASingleElement.java:59)
at io.appium.java_client.ios.IOSElement$$EnhancerByCGLIB$$d311658.isEnabled(<generated>)
at com.hubilo.utils.helper.Utility.isAvailable(Utility.java:242)
at com.hubilo.pageobjects.functions.Lounge.verifyUserImageAfterGrabSeat(Lounge.java:66)
at com.hubilo.pageobjects.functions.Lounge.verifyLounge(Lounge.java:25)
at UI_Runner.LoungeExecution.verifyImageAfterGrabSeat(LoungeExecution.java:67)
at java.base/jdk.internal.reflect.NativeMethodAccessorImpl.invoke0(Native Method)
at java.base/jdk.internal.reflect.NativeMethodAccessorImpl.invoke(NativeMethodAccessorImpl.java:62)
at java.base/jdk.internal.reflect.DelegatingMethodAccessorImpl.invoke(DelegatingMethodAccessorImpl.java:43)
at java.base/java.lang.reflect.Method.invoke(Method.java:566)
at org.testng.internal.invokers.MethodInvocationHelper.invokeMethod(MethodInvocationHelper.java:139)
at org.testng.internal.invokers.TestInvoker.invokeMethod(TestInvoker.java:677)
at org.testng.internal.invokers.TestInvoker.invokeTestMethod(TestInvoker.java:221)
at org.testng.internal.invokers.MethodRunner.runInSequence(MethodRunner.java:50)
at org.testng.internal.invokers.TestInvoker$MethodInvocationAgent.invoke(TestInvoker.java:962)
at org.testng.internal.invokers.TestInvoker.invokeTestMethods(TestInvoker.java:194)
at org.testng.internal.invokers.TestMethodWorker.invokeTestMethods(TestMethodWorker.java:148)
at org.testng.internal.invokers.TestMethodWorker.run(TestMethodWorker.java:128)
at java.base/java.util.ArrayList.forEach(ArrayList.java:1541)
at org.testng.TestRunner.privateRun(TestRunner.java:806)
at org.testng.TestRunner.run(TestRunner.java:601)
at org.testng.SuiteRunner.runTest(SuiteRunner.java:433)
at org.testng.SuiteRunner.runSequentially(SuiteRunner.java:427)
at org.testng.SuiteRunner.privateRun(SuiteRunner.java:387)
at org.testng.SuiteRunner.run(SuiteRunner.java:330)
at org.testng.SuiteRunnerWorker.runSuite(SuiteRunnerWorker.java:52)
at org.testng.SuiteRunnerWorker.run(SuiteRunnerWorker.java:95)
at org.testng.TestNG.runSuitesSequentially(TestNG.java:1256)
at org.testng.TestNG.runSuitesLocally(TestNG.java:1176)
at org.testng.TestNG.runSuites(TestNG.java:1099)
at org.testng.TestNG.run(TestNG.java:1067)
at com.intellij.rt.testng.IDEARemoteTestNG.run(IDEARemoteTestNG.java:66)
at com.intellij.rt.testng.RemoteTestNGStarter.main(RemoteTestNGStarter.java:109)
Caused by: org.openqa.selenium.TimeoutException: Expected condition failed: waiting for io.appium.java_client.pagefactory.AppiumElementLocator$WaitingFunction@65e0d9de (tried for 1 second(s) with 500 milliseconds interval)
at org.openqa.selenium.support.ui.FluentWait.timeoutException(FluentWait.java:304)
at org.openqa.selenium.support.ui.FluentWait.until(FluentWait.java:272)
at io.appium.java_client.pagefactory.AppiumElementLocator.waitFor(AppiumElementLocator.java:99)
at io.appium.java_client.pagefactory.AppiumElementLocator.findElement(AppiumElementLocator.java:119)
... 33 more
Caused by: org.openqa.selenium.NoSuchElementException: Cannot locate an element using By.chained({By.xpath: //XCUIElementTypeCollectionView/XCUIElementTypeCell/XCUIElementTypeOther/XCUIElementTypeOther/XCUIElementTypeImage})
For documentation on this error, please visit: https://www.seleniumhq.org/exceptions/no_such_element.html
Build info: version: '3.141.59', revision: 'e82be7d358', time: '2018-11-14T08:17:03'
System info: host: 'HUBLAPIND-401.local', ip: '2405:201:4029:30fa:eca2:d797:6f18:fa76%en0', os.name: 'Mac OS X', os.arch: 'x86_64', os.version: '12.3.1', java.version: '11.0.15'
Driver info: driver.version: IOSDriver
at io.appium.java_client.pagefactory.bys.builder.ByChained.findElement(ByChained.java:74)
at org.openqa.selenium.remote.RemoteWebDriver.findElement(RemoteWebDriver.java:315)
at io.appium.java_client.DefaultGenericMobileDriver.findElement(DefaultGenericMobileDriver.java:57)
at io.appium.java_client.AppiumDriver.findElement(AppiumDriver.java:1)
at io.appium.java_client.ios.IOSDriver.findElement(IOSDriver.java:1)
at io.appium.java_client.pagefactory.bys.ContentMappedBy.findElement(ContentMappedBy.java:50)
at org.openqa.selenium.remote.RemoteWebDriver.findElement(RemoteWebDriver.java:315)
at io.appium.java_client.DefaultGenericMobileDriver.findElement(DefaultGenericMobileDriver.java:57)
at io.appium.java_client.AppiumDriver.findElement(AppiumDriver.java:1)
at io.appium.java_client.ios.IOSDriver.findElement(IOSDriver.java:1)
at io.appium.java_client.pagefactory.AppiumElementLocator.lambda$0(AppiumElementLocator.java:120)
at io.appium.java_client.pagefactory.AppiumElementLocator$WaitingFunction.apply(AppiumElementLocator.java:172)
at io.appium.java_client.pagefactory.AppiumElementLocator$WaitingFunction.apply(AppiumElementLocator.java:1)
at org.openqa.selenium.support.ui.FluentWait.until(FluentWait.java:249)
... 35 more
]]>
    </error>
  </testcase> <!-- verifyImageAfterGrabSeat -->
  <system-out>
    <![CDATA[Test Case ----- verifyImageAfterGrabSeat Started
verifyImageAfterGrabSeat***org.openqa.selenium.NoSuchElementException: Can't locate an element by this strategy: By.chained({By.xpath: //XCUIElementTypeCollectionView/XCUIElementTypeCell/XCUIElementTypeOther/XCUIElementTypeOther/XCUIElementTypeImage})]]>
  </system-out>
  <testcase classname="UI_Runner.LoungeExecution" name="verifyActiveAfterGrabSeat" time="1.895"/>
  <system-out>
    <![CDATA[Test Case ----- verifyActiveAfterGrabSeat Started
Test Case ----- verifyActiveAfterGrabSeat PASS]]>
  </system-out>
  <testcase classname="UI_Runner.LoungeExecution" name="verifyLeaveTable" time="6.777"/>
  <system-out>
    <![CDATA[Test Case ----- verifyLeaveTable Started
Test Case ----- verifyLeaveTable PASS]]>
  </system-out>
  <testcase classname="UI_Runner.LoungeExecution" name="verifyNoActiveTables" time="0.028"/>
  <system-out>
    <![CDATA[Test Case ----- verifyNoActiveTables Started
Test Case ----- verifyNoActiveTables PASS]]>
  </system-out>
  <testcase classname="UI_Runner.LoungeExecution" name="verifyListLounge" time="3.382"/>
  <system-out>
    <![CDATA[Test Case ----- verifyListLounge Started
Test Case ----- verifyListLounge PASS]]>
  </system-out>
</testsuite> <!-- UI_Runner.LoungeExecution -->
